<?xml version="1.0" encoding="UTF-8"?>
<testng-results total="1" passed="1" failed="0" skipped="0">
  <reporter-output>
  </reporter-output>
  <suite started-at="2023-03-26T07:21:41Z" name="Default suite" finished-at="2023-03-26T07:22:30Z" duration-ms="49429">
    <groups>
    </groups>
    <test started-at="2023-03-26T07:21:41Z" name="Default test" finished-at="2023-03-26T07:22:30Z" duration-ms="49429">
      <class name="com.TestingShastra_AshtvivahTestcases.HomePage">
        <test-method is-config="true" signature="startTest()[pri:0, instance:com.TestingShastra_AshtvivahTestcases.HomePage@e7edb54]" started-at="2023-03-26T12:51:41Z" name="startTest" finished-at="2023-03-26T12:51:42Z" duration-ms="725" status="PASS">
          <reporter-output>
          </reporter-output>
        </test-method> <!-- startTest -->
        <test-method is-config="true" signature="launch_Browser()[pri:0, instance:com.TestingShastra_AshtvivahTestcases.HomePage@e7edb54]" started-at="2023-03-26T12:51:42Z" name="launch_Browser" finished-at="2023-03-26T12:52:10Z" duration-ms="28614" status="PASS">
          <reporter-output>
          </reporter-output>
        </test-method> <!-- launch_Browser -->
        <test-method signature="clickonlinkthenopenandswitchtonewtab()[pri:0, instance:com.TestingShastra_AshtvivahTestcases.HomePage@e7edb54]" started-at="2023-03-26T12:52:10Z" name="clickonlinkthenopenandswitchtonewtab" finished-at="2023-03-26T12:52:27Z" duration-ms="16200" status="PASS">
          <reporter-output>
          </reporter-output>
        </test-method> <!-- clickonlinkthenopenandswitchtonewtab -->
        <test-method is-config="true" signature="closeBrowser()[pri:0, instance:com.TestingShastra_AshtvivahTestcases.HomePage@e7edb54]" started-at="2023-03-26T12:52:27Z" name="closeBrowser" finished-at="2023-03-26T12:52:29Z" duration-ms="2305" status="PASS">
          <reporter-output>
          </reporter-output>
        </test-method> <!-- closeBrowser -->
        <test-method is-config="true" signature="endTest()[pri:0, instance:com.TestingShastra_AshtvivahTestcases.HomePage@e7edb54]" started-at="2023-03-26T12:52:29Z" name="endTest" finished-at="2023-03-26T12:52:30Z" duration-ms="1559" status="PASS">
          <reporter-output>
          </reporter-output>
        </test-method> <!-- endTest -->
      </class> <!-- com.TestingShastra_AshtvivahTestcases.HomePage -->
    </test> <!-- Default test -->
  </suite> <!-- Default suite -->
</testng-results>
